<?xml version="1.0" encoding="UTF-8"?>
<!-- Generated by org.testng.reporters.JUnitReportReporter -->
<testsuite hostname="DESKTOP-6LIE0K3" failures="0" tests="2" name="com.todos.tests.AddTodoTests" time="24.233" errors="0" timestamp="2023-06-10T04:00:37 CEST" skipped="0">
  <testcase classname="com.todos.tests.AddTodoTests" name="iCanAddTodo" time="12.110"/>
  <system-out/>
  <testcase classname="com.todos.tests.AddTodoTests" name="iCanAddTodo" time="12.123"/>
  <system-out/>
</testsuite> <!-- com.todos.tests.AddTodoTests -->
